gradle-build/AliyunCrop/snap_crop/outputs/logs/manifest-merger-debug-report.txt
-- Merging decision tree log ---
manifest
ADDED from src\main\AndroidManifest.xml:1:1-21:12
INJECTED from src\main\AndroidManifest.xml:1:1-21:12
INJECTED from src\main\AndroidManifest.xml:1:1-21:12
	package
		ADDED from src\main\AndroidManifest.xml:3:5-42
		INJECTED from src\main\AndroidManifest.xml
		INJECTED from src\main\AndroidManifest.xml
	xmlns:tools
		ADDED from src\main\AndroidManifest.xml:2:5-51
	xmlns:android
		ADDED from src\main\AndroidManifest.xml:1:11-69
application
ADDED from src\main\AndroidManifest.xml:5:5-19:19
activity#com.aliyun.svideo.snap.crop.SnapMediaActivity
ADDED from src\main\AndroidManifest.xml:6:9-10:20
	android:screenOrientation
		ADDED from src\main\AndroidManifest.xml:9:13-49
	android:theme
		ADDED from src\main\AndroidManifest.xml:7:13-55
	tools:replace
		ADDED from src\main\AndroidManifest.xml:8:13-42
	android:name
		ADDED from src\main\AndroidManifest.xml:6:19-52
activity#com.aliyun.svideo.snap.crop.AliYunVideoCropActivity
ADDED from src\main\AndroidManifest.xml:11:9-13:20
	android:screenOrientation
		ADDED from src\main\AndroidManifest.xml:12:13-49
	android:name
		ADDED from src\main\AndroidManifest.xml:11:19-58
activity#com.aliyun.svideo.snap.crop.AliyunImageCropActivity
ADDED from src\main\AndroidManifest.xml:14:9-18:20
	android:screenOrientation
		ADDED from src\main\AndroidManifest.xml:17:19-55
	android:theme
		ADDED from src\main\AndroidManifest.xml:15:19-61
	tools:replace
		ADDED from src\main\AndroidManifest.xml:16:19-48
	android:name
		ADDED from src\main\AndroidManifest.xml:14:19-58
uses-sdk
INJECTED from src\main\AndroidManifest.xml reason: use-sdk injection requested
INJECTED from src\main\AndroidManifest.xml
INJECTED from src\main\AndroidManifest.xml
INJECTED from src\main\AndroidManifest.xml
INJECTED from src\main\AndroidManifest.xml
	android:targetSdkVersion
		INJECTED from src\main\AndroidManifest.xml
		ADDED from src\main\AndroidManifest.xml
		INJECTED from src\main\AndroidManifest.xml
	android:minSdkVersion
		INJECTED from src\main\AndroidManifest.xml
		ADDED from src\main\AndroidManifest.xml
		INJECTED from src\main\AndroidManifest.xml